=== Script: part_e.py ===
Timestamp: 2026-06-16 15:47:46
Database: books.db

--- E1: Cold-Start User Partitioning Summary ---
K_user threshold used: 5
Warm Users: 12720 (18.74%)
Cold-Start Users: 55139 (81.26%)
Wall-clock time for E1: 24.81 seconds

--- E3: FP-Growth Mining Summary ---
Total Transaction Baskets: 39145
FP-Growth minSupport: 0.00025
FP-Growth minConfidence: 0.1
Rules generated count: 3527

Top 20 Association Rules (Ordered by Lift):
  Rule: ['0345335457', '0345335708'] -> ['0345338715'] | Support: 0.0003 | Conf: 1.0000 | Lift: 3262.0833
  Rule: ['0505523752', '050552354X'] -> ['0505523892'] | Support: 0.0003 | Conf: 0.9091 | Lift: 2737.4126
  Rule: ['0064471098', '0064471055'] -> ['0064471071'] | Support: 0.0003 | Conf: 1.0000 | Lift: 2609.6667
  Rule: ['0064471098', '0064471055', '0064471063'] -> ['0064471071'] | Support: 0.0003 | Conf: 1.0000 | Lift: 2609.6667
  Rule: ['0515134457', '0515134465'] -> ['0515134481'] | Support: 0.0003 | Conf: 1.0000 | Lift: 2609.6667
  Rule: ['0064471098', '006447108X', '0064471055', '0064471063'] -> ['0064471071'] | Support: 0.0003 | Conf: 1.0000 | Lift: 2609.6667
  Rule: ['0064471098', '006447108X', '0064471055'] -> ['0064471071'] | Support: 0.0003 | Conf: 1.0000 | Lift: 2609.6667
  Rule: ['0515134481', '0515134465'] -> ['0515134457'] | Support: 0.0003 | Conf: 0.9091 | Lift: 2541.8831
  Rule: ['0515134473'] -> ['0515134457'] | Support: 0.0003 | Conf: 0.9091 | Lift: 2541.8831
  Rule: ['0505523892', '0505524090'] -> ['0505523752'] | Support: 0.0003 | Conf: 0.9091 | Lift: 2541.8831
  Rule: ['0515134457'] -> ['0515134473'] | Support: 0.0003 | Conf: 0.7143 | Lift: 2541.8831
  Rule: ['050552354X', '0505524090'] -> ['0505523752'] | Support: 0.0003 | Conf: 0.9091 | Lift: 2541.8831
  Rule: ['0505523892', '050552354X'] -> ['0505523752'] | Support: 0.0003 | Conf: 0.9091 | Lift: 2541.8831
  Rule: ['0345338715', '0345335457'] -> ['0345335708'] | Support: 0.0003 | Conf: 1.0000 | Lift: 2446.5625
  Rule: ['006447108X', '0064471055'] -> ['0064471071'] | Support: 0.0003 | Conf: 0.9231 | Lift: 2408.9231
  Rule: ['006447108X', '0064471055', '0064471063'] -> ['0064471071'] | Support: 0.0003 | Conf: 0.9231 | Lift: 2408.9231
  Rule: ['0064471098', '0064471063'] -> ['0064471071'] | Support: 0.0003 | Conf: 0.9167 | Lift: 2392.1944
  Rule: ['0064471098', '006447108X'] -> ['0064471071'] | Support: 0.0003 | Conf: 0.9091 | Lift: 2372.4242
  Rule: ['0515134473'] -> ['0515134481'] | Support: 0.0003 | Conf: 0.9091 | Lift: 2372.4242
  Rule: ['0515134457', '0515134481'] -> ['0515134465'] | Support: 0.0003 | Conf: 0.9091 | Lift: 2372.4242

Wall-clock time for E3 FP-Growth fit: 51.35 seconds

--- BONUS 1: Scalability Benchmark Metrics ---
Sample Size Fractions : ['25%', '50%', '75%', '100%']
Serial Apriori Times  : ['0.23s', '1.22s', '1.33s', '1.85s']
Parallel Spark Times  : ['0.95s', '0.89s', '1.00s', '4.16s']

Scale Interpretation:
  Serial Apriori displays exponential runtime growth O(N^2) due to intensive combinatorial itemset checks.
  Parallel Spark FP-Growth scales linearly thanks to distributed memory-based FP-Tree partitioning structure.

